#
# There is insufficient memory for the Java Runtime Environment to continue.
# Native memory allocation (mmap) failed to map 134217728 bytes for G1 virtual space
# Possible reasons:
#   The system is out of physical RAM or swap space
#   The process is running with CompressedOops enabled, and the Java Heap may be blocking the growth of the native heap
# Possible solutions:
#   Reduce memory load on the system
#   Increase physical memory or swap space
#   Check if swap backing store is full
#   Decrease Java heap size (-Xmx/-Xms)
#   Decrease number of Java threads
#   Decrease Java thread stack sizes (-Xss)
#   Set larger code cache with -XX:ReservedCodeCacheSize=
#   JVM is running with Unscaled Compressed Oops mode in which the Java heap is
#     placed in the first 4GB address space. The Java Heap base address is the
#     maximum limit for the native heap growth. Please use -XX:HeapBaseMinAddress
#     to set the Java Heap base and to place the Java Heap above 4GB virtual address.
# This output file may be truncated or incomplete.
#
#  Out of Memory Error (os_windows.cpp:3600), pid=10492, tid=17928
#
# JRE version:  (21.0.1+12) (build )
# Java VM: Java HotSpot(TM) 64-Bit Server VM (21.0.1+12-LTS-29, mixed mode, sharing, tiered, compressed oops, compressed class ptrs, g1 gc, windows-amd64)
# No core dump will be written. Minidumps are not enabled by default on client versions of Windows
#

---------------  S U M M A R Y ------------

Command Line: -Dfile.encoding=UTF-8 -Dstdout.encoding=UTF-8 -Dstderr.encoding=UTF-8 -XX:+ShowCodeDetailsInExceptionMessages libraryManagement.Splash

Host: AMD Ryzen 5 PRO 3500U w/ Radeon Vega Mobile Gfx, 3 cores, 7G,  Windows 11 , 64 bit Build 22621 (10.0.22621.1344)
Time: Mon Dec 25 03:16:36 2023 India Standard Time elapsed time: 0.195898 seconds (0d 0h 0m 0s)

---------------  T H R E A D  ---------------

Current thread (0x000001baa1483870):  JavaThread "Unknown thread" [_thread_in_vm, id=17928, stack(0x0000001fcaf00000,0x0000001fcb000000) (1024K)]

Stack: [0x0000001fcaf00000,0x0000001fcb000000]
Native frames: (J=compiled Java code, j=interpreted, Vv=VM code, C=native code)
V  [jvm.dll+0x6c9029]
V  [jvm.dll+0x854b81]
V  [jvm.dll+0x856e5e]
V  [jvm.dll+0x857543]
V  [jvm.dll+0x280c06]
V  [jvm.dll+0x6c5715]
V  [jvm.dll+0x6ba10a]
V  [jvm.dll+0x3557ea]
V  [jvm.dll+0x35d436]
V  [jvm.dll+0x3ae1be]
V  [jvm.dll+0x3ae468]
V  [jvm.dll+0x3291fc]
V  [jvm.dll+0x329d8b]
V  [jvm.dll+0x81d179]
V  [jvm.dll+0x3bb4f1]
V  [jvm.dll+0x805ae8]
V  [jvm.dll+0x44effe]
V  [jvm.dll+0x450901]
C  [jli.dll+0x52a3]
C  [ucrtbase.dll+0x29363]
C  [KERNEL32.DLL+0x126bd]
C  [ntdll.dll+0x5a9f8]


---------------  P R O C E S S  ---------------

Threads class SMR info:
_java_thread_list=0x00007ffa47319b88, length=0, elements={
}

Java Threads: ( => current thread )
Total: 0

Other Threads:
  0x000001baa14d4770 WorkerThread "GC Thread#0"                     [id=18824, stack(0x0000001fcb000000,0x0000001fcb100000) (1024K)]
  0x000001baa14e5750 ConcurrentGCThread "G1 Main Marker"            [id=22156, stack(0x0000001fcb100000,0x0000001fcb200000) (1024K)]
  0x000001baa14e77b0 WorkerThread "G1 Conc#0"                       [id=25068, stack(0x0000001fcb200000,0x0000001fcb300000) (1024K)]

[error occurred during error reporting (printing all threads), id 0xc0000005, EXCEPTION_ACCESS_VIOLATION (0xc0000005) at pc=0x00007ffa46a8c2c7]
VM state: not at safepoint (not fully initialized)

VM Mutex/Monitor currently owned by a thread:  ([mutex/lock_event])
[0x00007ffa4738a6f8] Heap_lock - owner thread: 0x000001baa1483870

Heap address: 0x0000000080000000, size: 2048 MB, Compressed Oops mode: 32-bit

CDS archive(s) mapped at: [0x0000000000000000-0x0000000000000000-0x0000000000000000), size 0, SharedBaseAddress: 0x0000000800000000, ArchiveRelocationMode: 1.
Narrow klass base: 0x0000000000000000, Narrow klass shift: 0, Narrow klass range: 0x0

GC Precious Log:
 CardTable entry size: 512
 Card Set container configuration: InlinePtr #cards 5 size 8 Array Of Cards #cards 12 size 40 Howl #buckets 4 coarsen threshold 1843 Howl Bitmap #cards 512 size 80 coarsen threshold 460 Card regions per heap region 1 cards per card region 2048

Heap:
 garbage-first heap   total 0K, used 0K [0x0000000080000000, 0x0000000100000000)
  region size 1024K, 0 young (0K), 0 survivors (0K)

[error occurred during error reporting (printing heap information), id 0xc0000005, EXCEPTION_ACCESS_VIOLATION (0xc0000005) at pc=0x00007ffa46e71be9]
GC Heap History (0 events):
No events

Dll operation events (1 events):
Event: 0.133 Loaded shared library C:\Program Files\Java\jdk-21\bin\java.dll

Deoptimization events (0 events):
No events

Classes loaded (0 events):
No events

Classes unloaded (0 events):
No events

Classes redefined (0 events):
No events

Internal exceptions (0 events):
No events

ZGC Phase Switch (0 events):
No events

VM Operations (0 events):
No events

Events (0 events):
No events


Dynamic libraries:
0x00007ff73dd60000 - 0x00007ff73dd70000 	C:\Program Files\Java\jdk-21\bin\javaw.exe
0x00007ffa8f0b0000 - 0x00007ffa8f2c4000 	C:\Windows\SYSTEM32\ntdll.dll
0x00007ffa8d6e0000 - 0x00007ffa8d7a3000 	C:\Windows\System32\KERNEL32.DLL
0x00007ffa8c520000 - 0x00007ffa8c8bc000 	C:\Windows\System32\KERNELBASE.dll
0x00007ffa8cda0000 - 0x00007ffa8ceb1000 	C:\Windows\System32\ucrtbase.dll
0x00007ffa87950000 - 0x00007ffa87969000 	C:\Program Files\Java\jdk-21\bin\jli.dll
0x00007ffa8d2c0000 - 0x00007ffa8d36e000 	C:\Windows\System32\ADVAPI32.dll
0x00007ffa8e4a0000 - 0x00007ffa8e547000 	C:\Windows\System32\msvcrt.dll
0x00007ffa8d450000 - 0x00007ffa8d4f4000 	C:\Windows\System32\sechost.dll
0x00007ffa8ee50000 - 0x00007ffa8ef65000 	C:\Windows\System32\RPCRT4.dll
0x00007ffa8d110000 - 0x00007ffa8d2bd000 	C:\Windows\System32\USER32.dll
0x00007ffa8c4f0000 - 0x00007ffa8c516000 	C:\Windows\System32\win32u.dll
0x00007ffa8e6d0000 - 0x00007ffa8e6f9000 	C:\Windows\System32\GDI32.dll
0x00007ffa8ca30000 - 0x00007ffa8cb43000 	C:\Windows\System32\gdi32full.dll
0x00007ffa8cb50000 - 0x00007ffa8cbea000 	C:\Windows\System32\msvcp_win.dll
0x00007ffa46730000 - 0x00007ffa4674b000 	C:\Program Files\Java\jdk-21\bin\VCRUNTIME140.dll
0x00007ffa7fec0000 - 0x00007ffa8014e000 	C:\Windows\WinSxS\amd64_microsoft.windows.common-controls_6595b64144ccf1df_6.0.22621.608_none_a9444ca7c10bb01d\COMCTL32.dll
0x00007ffa849e0000 - 0x00007ffa849ea000 	C:\Windows\SYSTEM32\VERSION.dll
0x00007ffa8f030000 - 0x00007ffa8f061000 	C:\Windows\System32\IMM32.DLL
0x00007ffa82de0000 - 0x00007ffa82dec000 	C:\Program Files\Java\jdk-21\bin\vcruntime140_1.dll
0x00007ffa46390000 - 0x00007ffa4641e000 	C:\Program Files\Java\jdk-21\bin\msvcp140.dll
0x00007ffa46750000 - 0x00007ffa47465000 	C:\Program Files\Java\jdk-21\bin\server\jvm.dll
0x00007ffa8ef70000 - 0x00007ffa8efe1000 	C:\Windows\System32\WS2_32.dll
0x00007ffa8c3c0000 - 0x00007ffa8c40d000 	C:\Windows\SYSTEM32\POWRPROF.dll
0x00007ffa723d0000 - 0x00007ffa72404000 	C:\Windows\SYSTEM32\WINMM.dll
0x00007ffa8c3a0000 - 0x00007ffa8c3b3000 	C:\Windows\SYSTEM32\UMPDC.dll
0x00007ffa8b540000 - 0x00007ffa8b558000 	C:\Windows\SYSTEM32\kernel.appcore.dll
0x00007ffa6b280000 - 0x00007ffa6b28a000 	C:\Program Files\Java\jdk-21\bin\jimage.dll
0x00007ffa795b0000 - 0x00007ffa797de000 	C:\Windows\SYSTEM32\DBGHELP.DLL
0x00007ffa8e110000 - 0x00007ffa8e499000 	C:\Windows\System32\combase.dll
0x00007ffa8d370000 - 0x00007ffa8d447000 	C:\Windows\System32\OLEAUT32.dll
0x00007ffa79570000 - 0x00007ffa795a2000 	C:\Windows\SYSTEM32\dbgcore.DLL
0x00007ffa8cbf0000 - 0x00007ffa8cc6b000 	C:\Windows\System32\bcryptPrimitives.dll
0x00007ffa466d0000 - 0x00007ffa466ef000 	C:\Program Files\Java\jdk-21\bin\java.dll

dbghelp: loaded successfully - version: 4.0.5 - missing functions: none
symbol engine: initialized successfully - sym options: 0x614 - pdb path: .;C:\Program Files\Java\jdk-21\bin;C:\Windows\SYSTEM32;C:\Windows\WinSxS\amd64_microsoft.windows.common-controls_6595b64144ccf1df_6.0.22621.608_none_a9444ca7c10bb01d;C:\Program Files\Java\jdk-21\bin\server

VM Arguments:
jvm_args: -Dfile.encoding=UTF-8 -Dstdout.encoding=UTF-8 -Dstderr.encoding=UTF-8 -XX:+ShowCodeDetailsInExceptionMessages 
java_command: libraryManagement.Splash
java_class_path (initial): C:\Users\gupta\OneDrive\Documents\Project imp\LibraryManagementSystem\bin;C:\Users\gupta\Downloads\mysql-connector-j-8.2.0\mysql-connector-j-8.2.0\mysql-connector-j-8.2.0.jar;C:\Users\gupta\Downloads\rs2xml.jar;C:\Users\gupta\Downloads\jcalendar-tz-1.3.3-4.jar
Launcher Type: SUN_STANDARD

[Global flags]
     intx CICompilerCount                          = 2                                         {product} {ergonomic}
     uint ConcGCThreads                            = 1                                         {product} {ergonomic}
     uint G1ConcRefinementThreads                  = 3                                         {product} {ergonomic}
   size_t G1HeapRegionSize                         = 1048576                                   {product} {ergonomic}
    uintx GCDrainStackTargetSize                   = 64                                        {product} {ergonomic}
   size_t InitialHeapSize                          = 134217728                                 {product} {ergonomic}
   size_t MarkStackSize                            = 4194304                                   {product} {ergonomic}
   size_t MaxHeapSize                              = 2147483648                                {product} {ergonomic}
   size_t MinHeapDeltaBytes                        = 1048576                                   {product} {ergonomic}
   size_t MinHeapSize                              = 8388608                                   {product} {ergonomic}
    uintx NonNMethodCodeHeapSize                   = 5826188                                {pd product} {ergonomic}
    uintx NonProfiledCodeHeapSize                  = 122916026                              {pd product} {ergonomic}
    uintx ProfiledCodeHeapSize                     = 122916026                              {pd product} {ergonomic}
    uintx ReservedCodeCacheSize                    = 251658240                              {pd product} {ergonomic}
     bool SegmentedCodeCache                       = true                                      {product} {ergonomic}
     bool ShowCodeDetailsInExceptionMessages       = true                                   {manageable} {command line}
   size_t SoftMaxHeapSize                          = 2147483648                             {manageable} {ergonomic}
     bool UseCompressedOops                        = true                           {product lp64_product} {ergonomic}
     bool UseG1GC                                  = true                                      {product} {ergonomic}
     bool UseLargePagesIndividualAllocation        = false                                  {pd product} {ergonomic}

Logging:
Log output configuration:
 #0: stdout all=warning uptime,level,tags foldmultilines=false
 #1: stderr all=off uptime,level,tags foldmultilines=false

Environment Variables:
PATH=C:\Program Files\Common Files\Oracle\Java\javapath;C:\Windows\system32;C:\Windows;C:\Windows\System32\Wbem;C:\Windows\System32\WindowsPowerShell\v1.0\;C:\Windows\System32\OpenSSH\;C:\Program Files\MySQL\MySQL Shell 8.0\bin\;C:\Users\gupta\AppData\Local\Microsoft\WindowsApps;;C:\Users\gupta\AppData\Local\Programs\Microsoft VS Code\bin
USERNAME=gupta
OS=Windows_NT
PROCESSOR_IDENTIFIER=AMD64 Family 23 Model 24 Stepping 1, AuthenticAMD
TMP=C:\Users\gupta\AppData\Local\Temp
TEMP=C:\Users\gupta\AppData\Local\Temp




Periodic native trim disabled

---------------  S Y S T E M  ---------------

OS:
 Windows 11 , 64 bit Build 22621 (10.0.22621.1344)
OS uptime: 0 days 11:14 hours

CPU: total 3 (initial active 3) (3 cores per cpu, 3 threads per core) family 23 model 24 stepping 1 microcode 0x0, cx8, cmov, fxsr, ht, mmx, 3dnowpref, sse, sse2, sse3, ssse3, sse4a, sse4.1, sse4.2, popcnt, lzcnt, tsc, tscinvbit, avx, avx2, aes, clmul, bmi1, bmi2, vzeroupper, clflush, clflushopt, hv, rdtscp
Processor Information for all 3 processors :
  Max Mhz: 2096, Current Mhz: 2096, Mhz Limit: 2096

Memory: 4k page, system-wide physical 8191M (1202M free)
TotalPageFile size 32767M (AvailPageFile size 72M)
current process WorkingSet (physical memory assigned to process): 11M, peak: 11M
current process commit charge ("private bytes"): 49M, peak: 177M

vm_info: Java HotSpot(TM) 64-Bit Server VM (21.0.1+12-LTS-29) for windows-amd64 JRE (21.0.1+12-LTS-29), built on 2023-10-05T13:27:09Z by "mach5one" with MS VC++ 17.1 (VS2022)

END.
